# JRE version: OpenJDK Runtime Environment (8.0_242-b01) (build 1.8.0_242-release-1644-b01)
# Java VM: OpenJDK 64-Bit Server VM (25.242-b01 mixed mode windows-amd64 compressed oops)
Heap:
 PSYoungGen      total 541184K, used 33510K [0x00000000d5580000, 0x00000000faa00000, 0x0000000100000000)
  eden space 490496K, 0% used [0x00000000d5580000,0x00000000d5580000,0x00000000f3480000)
  from space 50688K, 66% used [0x00000000f6800000,0x00000000f88b9b80,0x00000000f9980000)
  to   space 52736K, 0% used [0x00000000f3480000,0x00000000f3480000,0x00000000f6800000)
 ParOldGen       total 205312K, used 97136K [0x0000000080000000, 0x000000008c880000, 0x00000000d5580000)
  object space 205312K, 47% used [0x0000000080000000,0x0000000085edc040,0x000000008c880000)
 Metaspace       used 94411K, capacity 98586K, committed 98600K, reserved 1134592K
  class space    used 12451K, capacity 13232K, committed 13232K, reserved 1048576K
GC Heap History (10 events):
Event: 10.970 GC heap after
Heap after GC invocations=11 (full 3):
 PSYoungGen      total 361984K, used 0K [0x00000000d5580000, 0x00000000ed780000, 0x0000000100000000)
  eden space 342528K, 0% used [0x00000000d5580000,0x00000000d5580000,0x00000000ea400000)
  from space 19456K, 0% used [0x00000000ebd80000,0x00000000ebd80000,0x00000000ed080000)
  to   space 26112K, 0% used [0x00000000ea400000,0x00000000ea400000,0x00000000ebd80000)
 ParOldGen       total 205312K, used 40604K [0x0000000080000000, 0x000000008c880000, 0x00000000d5580000)
  object space 205312K, 19% used [0x0000000080000000,0x00000000827a7040,0x000000008c880000)
 Metaspace       used 56730K, capacity 59047K, committed 59160K, reserved 1099776K
  class space    used 7753K, capacity 8237K, committed 8240K, reserved 1048576K
}
Event: 16.494 GC heap before
{Heap before GC invocations=12 (full 3):
 PSYoungGen      total 361984K, used 342528K [0x00000000d5580000, 0x00000000ed780000, 0x0000000100000000)
  eden space 342528K, 100% used [0x00000000d5580000,0x00000000ea400000,0x00000000ea400000)
  from space 19456K, 0% used [0x00000000ebd80000,0x00000000ebd80000,0x00000000ed080000)
  to   space 26112K, 0% used [0x00000000ea400000,0x00000000ea400000,0x00000000ebd80000)
 ParOldGen       total 205312K, used 40604K [0x0000000080000000, 0x000000008c880000, 0x00000000d5580000)
  object space 205312K, 19% used [0x0000000080000000,0x00000000827a7040,0x000000008c880000)
 Metaspace       used 68383K, capacity 71545K, committed 71704K, reserved 1112064K
  class space    used 9359K, capacity 9971K, committed 10032K, reserved 1048576K
Event: 16.524 GC heap after
Heap after GC invocations=12 (full 3):
 PSYoungGen      total 368640K, used 23465K [0x00000000d5580000, 0x00000000f2500000, 0x0000000100000000)
  eden space 342528K, 0% used [0x00000000d5580000,0x00000000d5580000,0x00000000ea400000)
  from space 26112K, 89% used [0x00000000ea400000,0x00000000ebaea700,0x00000000ebd80000)
  to   space 29184K, 0% used [0x00000000f0880000,0x00000000f0880000,0x00000000f2500000)
 ParOldGen       total 205312K, used 40612K [0x0000000080000000, 0x000000008c880000, 0x00000000d5580000)
  object space 205312K, 19% used [0x0000000080000000,0x00000000827a9040,0x000000008c880000)
 Metaspace       used 68383K, capacity 71545K, committed 71704K, reserved 1112064K
  class space    used 9359K, capacity 9971K, committed 10032K, reserved 1048576K
}
Event: 22.911 GC heap before
{Heap before GC invocations=13 (full 3):
 PSYoungGen      total 368640K, used 365993K [0x00000000d5580000, 0x00000000f2500000, 0x0000000100000000)
  eden space 342528K, 100% used [0x00000000d5580000,0x00000000ea400000,0x00000000ea400000)
  from space 26112K, 89% used [0x00000000ea400000,0x00000000ebaea700,0x00000000ebd80000)
  to   space 29184K, 0% used [0x00000000f0880000,0x00000000f0880000,0x00000000f2500000)
 ParOldGen       total 205312K, used 40612K [0x0000000080000000, 0x000000008c880000, 0x00000000d5580000)
  object space 205312K, 19% used [0x0000000080000000,0x00000000827a9040,0x000000008c880000)
 Metaspace       used 73690K, capacity 77089K, committed 77208K, reserved 1116160K
  class space    used 9973K, capacity 10621K, committed 10672K, reserved 1048576K
Event: 22.967 GC heap after
Heap after GC invocations=13 (full 3):
 PSYoungGen      total 439296K, used 29178K [0x00000000d5580000, 0x00000000f2900000, 0x0000000100000000)
  eden space 410112K, 0% used [0x00000000d5580000,0x00000000d5580000,0x00000000ee600000)
  from space 29184K, 99% used [0x00000000f0880000,0x00000000f24fe9e0,0x00000000f2500000)
  to   space 34304K, 0% used [0x00000000ee600000,0x00000000ee600000,0x00000000f0780000)
 ParOldGen       total 205312K, used 43042K [0x0000000080000000, 0x000000008c880000, 0x00000000d5580000)
  object space 205312K, 20% used [0x0000000080000000,0x0000000082a08b40,0x000000008c880000)
 Metaspace       used 73690K, capacity 77089K, committed 77208K, reserved 1116160K
  class space    used 9973K, capacity 10621K, committed 10672K, reserved 1048576K
}
Event: 26.968 GC heap before
{Heap before GC invocations=14 (full 3):
 PSYoungGen      total 439296K, used 439290K [0x00000000d5580000, 0x00000000f2900000, 0x0000000100000000)
  eden space 410112K, 100% used [0x00000000d5580000,0x00000000ee600000,0x00000000ee600000)
  from space 29184K, 99% used [0x00000000f0880000,0x00000000f24fe9e0,0x00000000f2500000)
  to   space 34304K, 0% used [0x00000000ee600000,0x00000000ee600000,0x00000000f0780000)
 ParOldGen       total 205312K, used 43042K [0x0000000080000000, 0x000000008c880000, 0x00000000d5580000)
  object space 205312K, 20% used [0x0000000080000000,0x0000000082a08b40,0x000000008c880000)
 Metaspace       used 88565K, capacity 92287K, committed 92568K, reserved 1130496K
  class space    used 11652K, capacity 12391K, committed 12464K, reserved 1048576K
Event: 27.039 GC heap after
Heap after GC invocations=14 (full 3):
 PSYoungGen      total 444416K, used 34288K [0x00000000d5580000, 0x00000000f9980000, 0x0000000100000000)
  eden space 410112K, 0% used [0x00000000d5580000,0x00000000d5580000,0x00000000ee600000)
  from space 34304K, 99% used [0x00000000ee600000,0x00000000f077c3c8,0x00000000f0780000)
  to   space 50688K, 0% used [0x00000000f6800000,0x00000000f6800000,0x00000000f9980000)
 ParOldGen       total 205312K, used 74740K [0x0000000080000000, 0x000000008c880000, 0x00000000d5580000)
  object space 205312K, 36% used [0x0000000080000000,0x00000000848fd3c0,0x000000008c880000)
 Metaspace       used 88565K, capacity 92287K, committed 92568K, reserved 1130496K
  class space    used 11652K, capacity 12391K, committed 12464K, reserved 1048576K
}
Event: 28.837 GC heap before
{Heap before GC invocations=15 (full 3):
 PSYoungGen      total 444416K, used 178192K [0x00000000d5580000, 0x00000000f9980000, 0x0000000100000000)
  eden space 410112K, 35% used [0x00000000d5580000,0x00000000de207dc0,0x00000000ee600000)
  from space 34304K, 99% used [0x00000000ee600000,0x00000000f077c3c8,0x00000000f0780000)
  to   space 50688K, 0% used [0x00000000f6800000,0x00000000f6800000,0x00000000f9980000)
 ParOldGen       total 205312K, used 74740K [0x0000000080000000, 0x000000008c880000, 0x00000000d5580000)
  object space 205312K, 36% used [0x0000000080000000,0x00000000848fd3c0,0x000000008c880000)
 Metaspace       used 94411K, capacity 98586K, committed 98600K, reserved 1134592K
  class space    used 12451K, capacity 13232K, committed 13232K, reserved 1048576K
Event: 28.896 GC heap after
Heap after GC invocations=15 (full 3):
 PSYoungGen      total 541184K, used 33510K [0x00000000d5580000, 0x00000000faa00000, 0x0000000100000000)
  eden space 490496K, 0% used [0x00000000d5580000,0x00000000d5580000,0x00000000f3480000)
  from space 50688K, 66% used [0x00000000f6800000,0x00000000f88b9b80,0x00000000f9980000)
  to   space 52736K, 0% used [0x00000000f3480000,0x00000000f3480000,0x00000000f6800000)
 ParOldGen       total 205312K, used 97136K [0x0000000080000000, 0x000000008c880000, 0x00000000d5580000)
  object space 205312K, 47% used [0x0000000080000000,0x0000000085edc040,0x000000008c880000)
 Metaspace       used 94411K, capacity 98586K, committed 98600K, reserved 1134592K
  class space    used 12451K, capacity 13232K, committed 13232K, reserved 1048576K
}
Event: 28.896 GC heap before
{Heap before GC invocations=16 (full 4):
 PSYoungGen      total 541184K, used 33510K [0x00000000d5580000, 0x00000000faa00000, 0x0000000100000000)
  eden space 490496K, 0% used [0x00000000d5580000,0x00000000d5580000,0x00000000f3480000)
  from space 50688K, 66% used [0x00000000f6800000,0x00000000f88b9b80,0x00000000f9980000)
  to   space 52736K, 0% used [0x00000000f3480000,0x00000000f3480000,0x00000000f6800000)
 ParOldGen       total 205312K, used 97136K [0x0000000080000000, 0x000000008c880000, 0x00000000d5580000)
  object space 205312K, 47% used [0x0000000080000000,0x0000000085edc040,0x000000008c880000)
 Metaspace       used 94411K, capacity 98586K, committed 98600K, reserved 1134592K
  class space    used 12451K, capacity 13232K, committed 13232K, reserved 1048576K

